<?xml version="1.0" encoding="UTF-8"?>
<!-- Generated by org.testng.reporters.JUnitReportReporter -->
<testsuite skipped="0" hostname="EHR184" name="testpackage.SeleniumWebdriverTest" tests="1" failures="0" timestamp="04 Dec 2019 12:52:56 GMT" time="9.832" errors="0">
  <testcase name="MyFirstTestNGTestCase" time="9.832" classname="testpackage.SeleniumWebdriverTest"/>
</testsuite> <!-- testpackage.SeleniumWebdriverTest -->
